Start testing: Mar 14 10:21 UTC
----------------------------------------------------------
1/1 Testing: packet_tests
1/1 Test: packet_tests
Command: "/home/travis/build/jacksonrr3/packet/test_packet"
Directory: /home/travis/build/jacksonrr3/packet
"packet_tests" start time: Mar 14 10:21 UTC
Output:
----------------------------------------------------------
Running 2 test cases...

*** No errors detected
<end of output>
Test time =   0.00 sec
----------------------------------------------------------
Test Passed.
"packet_tests" end time: Mar 14 10:21 UTC
"packet_tests" time elapsed: 00:00:00
----------------------------------------------------------

End testing: Mar 14 10:21 UTC
